
<html><body><h1>Test Execution Summary - 03-Jun-2020 15:44:48</h1>htmlsampleTest0(com.qa.selenium.HeaderFooterSeleniumTests) success!<br/></body></html><html><body><h1>Test Execution Summary - 03-Jun-2020 15:48:04</h1>htmlsampleTest0(com.qa.selenium.HeaderFooterSeleniumTests) success!<br/>seleniumHeaderTest(com.qa.selenium.HeaderFooterSeleniumTests) InvalidArgumentException<br/></body></html><html><body><h1>Test Execution Summary - 03-Jun-2020 15:56:03</h1>htmlsampleTest0(com.qa.selenium.HeaderFooterSeleniumTests) success!<br/>seleniumHeaderTest(com.qa.selenium.HeaderFooterSeleniumTests) NoSuchElementException<br/></body></html><html><body><h1>Test Execution Summary - 03-Jun-2020 15:57:55</h1>htmlsampleTest0(com.qa.selenium.HeaderFooterSeleniumTests) success!<br/>seleniumHeaderTest(com.qa.selenium.HeaderFooterSeleniumTests) NoSuchElementException<br/></body></html><html><body><h1>Test Execution Summary - 03-Jun-2020 15:59:02</h1>seleniumHeaderTest(com.qa.selenium.HeaderFooterSeleniumTests) NoSuchElementException<br/></body></html><html><body><h1>Test Execution Summary - 03-Jun-2020 16:02:35</h1>seleniumHeaderTest(com.qa.selenium.HeaderFooterSeleniumTests) NoSuchElementException<br/></body></html><html><body><h1>Test Execution Summary - 03-Jun-2020 16:17:58</h1>seleniumHeaderTest(com.qa.selenium.HeaderFooterSeleniumTests) NoSuchElementException<br/></body></html><html><body><h1>Test Execution Summary - 03-Jun-2020 16:20:39</h1>seleniumHeaderTest(com.qa.selenium.HeaderFooterSeleniumTests) MultipleFailureException<br/></body></html><html><body><h1>Test Execution Summary - 03-Jun-2020 16:23:14</h1>seleniumHeaderTest(com.qa.selenium.HeaderFooterSeleniumTests) AssertionError<br/></body></html><html><body><h1>Test Execution Summary - 03-Jun-2020 16:25:17</h1>seleniumHeaderTest(com.qa.selenium.HeaderFooterSeleniumTests) AssertionError<br/></body></html><html><body><h1>Test Execution Summary - 03-Jun-2020 16:27:19</h1>seleniumHeaderTest(com.qa.selenium.HeaderFooterSeleniumTests) MultipleFailureException<br/></body></html><html><body><h1>Test Execution Summary - 03-Jun-2020 16:28:19</h1>seleniumHeaderTest(com.qa.selenium.HeaderFooterSeleniumTests) NoSuchElementException<br/></body></html><html><body><h1>Test Execution Summary - 03-Jun-2020 16:42:51</h1>seleniumHeaderTest(com.qa.selenium.HeaderFooterSeleniumTests) NoClassDefFoundError<br/></body></html><html><body><h1>Test Execution Summary - 03-Jun-2020 16:48:27</h1>seleniumHeaderTest(com.qa.selenium.HeaderFooterSeleniumTests) NoClassDefFoundError<br/></body></html><html><body><h1>Test Execution Summary - 03-Jun-2020 16:49:43</h1>seleniumHeaderTest(com.qa.selenium.HeaderFooterSeleniumTests) NoClassDefFoundError<br/></body></html><html><body><h1>Test Execution Summary - 03-Jun-2020 16:58:42</h1>seleniumHeaderTest(com.qa.selenium.HeaderFooterSeleniumTests) NoClassDefFoundError<br/></body></html><html><body><h1>Test Execution Summary - 03-Jun-2020 17:00:19</h1>seleniumHeaderTest(com.qa.selenium.HeaderFooterSeleniumTests) NoClassDefFoundError<br/></body></html><html><body><h1>Test Execution Summary - 04-Jun-2020 09:23:27</h1>seleniumHeaderTest(com.qa.selenium.HeaderFooterSeleniumTests) NoClassDefFoundError<br/></body></html><html><body><h1>Test Execution Summary - 04-Jun-2020 09:23:44</h1>testOldTraffordLink(com.qa.selenium.CinemaLocationSeleniumTest) NoClassDefFoundError<br/></body></html><html><body><h1>Test Execution Summary - 04-Jun-2020 09:25:01</h1>seleniumHeaderTest(com.qa.selenium.HeaderFooterSeleniumTests) NoClassDefFoundError<br/></body></html><html><body><h1>Test Execution Summary - 04-Jun-2020 09:25:20</h1>testOldTraffordLink(com.qa.selenium.CinemaLocationSeleniumTest) NoClassDefFoundError<br/></body></html><html><body><h1>Test Execution Summary - 04-Jun-2020 10:31:54</h1>seleniumHeaderTest(com.qa.selenium.HeaderFooterSeleniumTests) NoClassDefFoundError<br/></body></html><html><body><h1>Test Execution Summary - 04-Jun-2020 10:32:03</h1>testOldTraffordLink(com.qa.selenium.CinemaLocationSeleniumTest) NoClassDefFoundError<br/></body></html><html><body><h1>Test Execution Summary - 04-Jun-2020 11:07:04</h1>seleniumHeaderTest(com.qa.selenium.HeaderFooterSeleniumTests) NoClassDefFoundError<br/></body></html><html><body><h1>Test Execution Summary - 04-Jun-2020 11:07:17</h1>testOldTraffordLink(com.qa.selenium.CinemaLocationSeleniumTest) NoClassDefFoundError<br/></body></html><html><body><h1>Test Execution Summary - 04-Jun-2020 11:12:19</h1>seleniumHeaderTest(com.qa.selenium.HeaderFooterSeleniumTests) NoClassDefFoundError<br/></body></html><html><body><h1>Test Execution Summary - 04-Jun-2020 11:12:32</h1>testOldTraffordLink(com.qa.selenium.CinemaLocationSeleniumTest) NoClassDefFoundError<br/></body></html>

<html><body><h1>Test Execution Summary - 03-Jun-2020 15:44:48</h1>htmlsampleTest0(com.qa.selenium.HeaderFooterSeleniumTests) success!<br/></body></html><html><body><h1>Test Execution Summary - 03-Jun-2020 15:48:04</h1>htmlsampleTest0(com.qa.selenium.HeaderFooterSeleniumTests) success!<br/>seleniumHeaderTest(com.qa.selenium.HeaderFooterSeleniumTests) InvalidArgumentException<br/></body></html><html><body><h1>Test Execution Summary - 03-Jun-2020 15:56:03</h1>htmlsampleTest0(com.qa.selenium.HeaderFooterSeleniumTests) success!<br/>seleniumHeaderTest(com.qa.selenium.HeaderFooterSeleniumTests) NoSuchElementException<br/></body></html><html><body><h1>Test Execution Summary - 03-Jun-2020 15:57:55</h1>htmlsampleTest0(com.qa.selenium.HeaderFooterSeleniumTests) success!<br/>seleniumHeaderTest(com.qa.selenium.HeaderFooterSeleniumTests) NoSuchElementException<br/></body></html><html><body><h1>Test Execution Summary - 03-Jun-2020 15:59:02</h1>seleniumHeaderTest(com.qa.selenium.HeaderFooterSeleniumTests) NoSuchElementException<br/></body></html><html><body><h1>Test Execution Summary - 03-Jun-2020 16:02:35</h1>seleniumHeaderTest(com.qa.selenium.HeaderFooterSeleniumTests) NoSuchElementException<br/></body></html><html><body><h1>Test Execution Summary - 03-Jun-2020 16:17:58</h1>seleniumHeaderTest(com.qa.selenium.HeaderFooterSeleniumTests) NoSuchElementException<br/></body></html><html><body><h1>Test Execution Summary - 03-Jun-2020 16:20:39</h1>seleniumHeaderTest(com.qa.selenium.HeaderFooterSeleniumTests) MultipleFailureException<br/></body></html><html><body><h1>Test Execution Summary - 03-Jun-2020 16:23:14</h1>seleniumHeaderTest(com.qa.selenium.HeaderFooterSeleniumTests) AssertionError<br/></body></html><html><body><h1>Test Execution Summary - 03-Jun-2020 16:25:17</h1>seleniumHeaderTest(com.qa.selenium.HeaderFooterSeleniumTests) AssertionError<br/></body></html><html><body><h1>Test Execution Summary - 03-Jun-2020 16:27:19</h1>seleniumHeaderTest(com.qa.selenium.HeaderFooterSeleniumTests) MultipleFailureException<br/></body></html><html><body><h1>Test Execution Summary - 03-Jun-2020 16:28:19</h1>seleniumHeaderTest(com.qa.selenium.HeaderFooterSeleniumTests) NoSuchElementException<br/></body></html><html><body><h1>Test Execution Summary - 03-Jun-2020 16:42:51</h1>seleniumHeaderTest(com.qa.selenium.HeaderFooterSeleniumTests) NoClassDefFoundError<br/></body></html><html><body><h1>Test Execution Summary - 03-Jun-2020 16:48:27</h1>seleniumHeaderTest(com.qa.selenium.HeaderFooterSeleniumTests) NoClassDefFoundError<br/></body></html><html><body><h1>Test Execution Summary - 03-Jun-2020 16:49:43</h1>seleniumHeaderTest(com.qa.selenium.HeaderFooterSeleniumTests) NoClassDefFoundError<br/></body></html><html><body><h1>Test Execution Summary - 03-Jun-2020 16:58:42</h1>seleniumHeaderTest(com.qa.selenium.HeaderFooterSeleniumTests) NoClassDefFoundError<br/></body></html><html><body><h1>Test Execution Summary - 03-Jun-2020 17:00:19</h1>seleniumHeaderTest(com.qa.selenium.HeaderFooterSeleniumTests) NoClassDefFoundError<br/></body></html><html><body><h1>Test Execution Summary - 04-Jun-2020 09:14:03</h1>seleniumHeaderTest(com.qa.selenium.HeaderFooterSeleniumTests) NoClassDefFoundError<br/></body></html><html><body><h1>Test Execution Summary - 04-Jun-2020 09:30:00</h1>seleniumHeaderTest(com.qa.selenium.HeaderFooterSeleniumTests) ComparisonFailure<br/></body></html><html><body><h1>Test Execution Summary - 04-Jun-2020 09:30:57</h1>seleniumHeaderTest(com.qa.selenium.HeaderFooterSeleniumTests) success!<br/></body></html><html><body><h1>Test Execution Summary - 04-Jun-2020 09:32:28</h1>seleniumHeaderTest(com.qa.selenium.HeaderFooterSeleniumTests) success!<br/></body></html>

<html><body><h1>Test Execution Summary - 04-Jun-2020 11:35:26</h1>testOldTraffordLink(com.qa.selenium.CinemaLocationSeleniumTest) NoClassDefFoundError<br/></body></html>